<?xml version="1.0" encoding="UTF-8"?>
<!-- Generated by org.testng.reporters.JUnitReportReporter -->
<testsuite hostname="NemanjaComp" failures="0" tests="1" name="tests.LibraryApiTests" time="3.790" errors="0" timestamp="2025-02-22T17:37:02 CET" skipped="0">
  <testcase classname="tests.LibraryApiTests" name="validateLibraryApi" time="3.790"/>
</testsuite> <!-- tests.LibraryApiTests -->
