<?xml version="1.0" encoding="UTF-8"?>
<!-- Generated by org.testng.reporters.JUnitReportReporter -->
<testsuite hostname="VICERT-89" failures="0" tests="1" name="tests.LibraryApiTests" time="4.051" errors="0" timestamp="2025-02-22T12:27:43 CET" skipped="0">
  <testcase classname="tests.LibraryApiTests" name="validateLibraryApi" time="4.051"/>
</testsuite> <!-- tests.LibraryApiTests -->
